nohup: ignoring input
2026-04-19 02:32:48.276689: E external/local_xla/xla/stream_executor/cuda/cuda_dnn.cc:9261] Unable to register cuDNN factory: Attempting to register factory for plugin cuDNN when one has already been registered
2026-04-19 02:32:48.276744: E external/local_xla/xla/stream_executor/cuda/cuda_fft.cc:607] Unable to register cuFFT factory: Attempting to register factory for plugin cuFFT when one has already been registered
2026-04-19 02:32:48.278250: E external/local_xla/xla/stream_executor/cuda/cuda_blas.cc:1515] Unable to register cuBLAS factory: Attempting to register factory for plugin cuBLAS when one has already been registered
2026-04-19 02:32:48.285570: I tensorflow/core/platform/cpu_feature_guard.cc:182] This TensorFlow binary is optimized to use available CPU instructions in performance-critical operations.
To enable the following instructions: AVX2 FMA, in other operations, rebuild TensorFlow with the appropriate compiler flags.
2026-04-19 02:32:50.167942: W tensorflow/compiler/tf2tensorrt/utils/py_utils.cc:38] TF-TRT Warning: Could not find TensorRT
[robosuite WARNING] No private macro file found! (macros.py:53)
[robosuite WARNING] It is recommended to use a private macro file (macros.py:54)
[robosuite WARNING] To setup, run: python /network/rit/lab/wang_lab_cs/yhan/envs/probeRetrieval/lib/python3.10/site-packages/robosuite/scripts/setup_macros.py (macros.py:55)
Gym has been unmaintained since 2022 and does not support NumPy 2.0 amongst other critical functionality.
Please upgrade to Gymnasium, the maintained drop-in replacement of Gym, or contact the authors of your software and request that they upgrade.
Users of this version of Gym should be able to simply replace 'import gym' with 'import gymnasium as gym' in the vast majority of cases.
See the migration guide at https://gymnasium.farama.org/introduction/migration_guide/ for additional information.
/network/rit/lab/wang_lab_cs/yhan/envs/probeRetrieval/lib/python3.10/site-packages/transformers/utils/hub.py:124: FutureWarning: Using `TRANSFORMERS_CACHE` is deprecated and will be removed in v5 of Transformers. Use `HF_HOME` instead.
  warnings.warn(
<frozen importlib._bootstrap>:283: DeprecationWarning: the load_module() method is deprecated and slated for removal in Python 3.12; use exec_module() instead
Using LIBERO constants:
  NUM_ACTIONS_CHUNK = 8
  ACTION_DIM = 7
  PROPRIO_DIM = 8
  ACTION_PROPRIO_NORMALIZATION_TYPE = bounds_q99
If needed, manually set the correct constants in `prismatic/vla/constants.py`!
Instantiating pretrained VLA policy...
Created backup of original config at: /network/rit/lab/wang_lab_cs/yhan/repos/openvla-7b-oft/config.json.back.20260419_023312
Updated config.json at: /network/rit/lab/wang_lab_cs/yhan/repos/openvla-7b-oft/config.json
Changes made:
  - Set AutoConfig to "configuration_prismatic.OpenVLAConfig"
  - Set AutoModelForVision2Seq to "modeling_prismatic.OpenVLAForActionPrediction"
WARNING: `modeling_prismatic.py` is not found anywhere in the current directory.
WARNING: `configuration_prismatic.py` is not found anywhere in the current directory.
Loading checkpoint shards:   0%|          | 0/4 [00:00<?, ?it/s]Loading checkpoint shards:  25%|██▌       | 1/4 [00:00<00:00,  3.35it/s]Loading checkpoint shards:  50%|█████     | 2/4 [00:00<00:00,  4.17it/s]Loading checkpoint shards:  75%|███████▌  | 3/4 [00:00<00:00,  4.52it/s]Loading checkpoint shards: 100%|██████████| 4/4 [00:00<00:00,  4.80it/s]Loading checkpoint shards: 100%|██████████| 4/4 [00:00<00:00,  4.52it/s]
Loaded model: <class 'transformers_modules.openvla-7b-oft.modeling_prismatic.OpenVLAForActionPrediction'>
[info] using task orders [0, 1, 2, 3, 4, 5, 6, 7, 8, 9]
[Warning]: datasets path /network/rit/lab/wang_lab_cs/yhan/repos/LIBERO/libero/datasets does not exist!
[Warning]: datasets path /network/rit/lab/wang_lab_cs/yhan/repos/LIBERO/libero/datasets does not exist!
[Warning]: datasets path /network/rit/lab/wang_lab_cs/yhan/repos/LIBERO/libero/datasets does not exist!
[Warning]: datasets path /network/rit/lab/wang_lab_cs/yhan/repos/LIBERO/libero/datasets does not exist!
[Warning]: datasets path /network/rit/lab/wang_lab_cs/yhan/repos/LIBERO/libero/datasets does not exist!
[Warning]: datasets path /network/rit/lab/wang_lab_cs/yhan/repos/LIBERO/libero/datasets does not exist!
[Warning]: datasets path /network/rit/lab/wang_lab_cs/yhan/repos/LIBERO/libero/datasets does not exist!
[Warning]: datasets path /network/rit/lab/wang_lab_cs/yhan/repos/LIBERO/libero/datasets does not exist!
[Warning]: datasets path /network/rit/lab/wang_lab_cs/yhan/repos/LIBERO/libero/datasets does not exist!
[Warning]: datasets path /network/rit/lab/wang_lab_cs/yhan/repos/LIBERO/libero/datasets does not exist!
[Warning]: datasets path /network/rit/lab/wang_lab_cs/yhan/repos/LIBERO/libero/datasets does not exist!
[Warning]: datasets path /network/rit/lab/wang_lab_cs/yhan/repos/LIBERO/libero/datasets does not exist!
[Warning]: datasets path /network/rit/lab/wang_lab_cs/yhan/repos/LIBERO/libero/datasets does not exist!
[Warning]: datasets path /network/rit/lab/wang_lab_cs/yhan/repos/LIBERO/libero/datasets does not exist!
[Warning]: datasets path /network/rit/lab/wang_lab_cs/yhan/repos/LIBERO/libero/datasets does not exist!
[Warning]: datasets path /network/rit/lab/wang_lab_cs/yhan/repos/LIBERO/libero/datasets does not exist!
[Warning]: datasets path /network/rit/lab/wang_lab_cs/yhan/repos/LIBERO/libero/datasets does not exist!
[Warning]: datasets path /network/rit/lab/wang_lab_cs/yhan/repos/LIBERO/libero/datasets does not exist!
[Warning]: datasets path /network/rit/lab/wang_lab_cs/yhan/repos/LIBERO/libero/datasets does not exist!
[Warning]: datasets path /network/rit/lab/wang_lab_cs/yhan/repos/LIBERO/libero/datasets does not exist!
[Warning]: datasets path /network/rit/lab/wang_lab_cs/yhan/repos/LIBERO/libero/datasets does not exist!
[Warning]: datasets path /network/rit/lab/wang_lab_cs/yhan/repos/LIBERO/libero/datasets does not exist!
[Warning]: datasets path /network/rit/lab/wang_lab_cs/yhan/repos/LIBERO/libero/datasets does not exist!
[Warning]: datasets path /network/rit/lab/wang_lab_cs/yhan/repos/LIBERO/libero/datasets does not exist!
[Warning]: datasets path /network/rit/lab/wang_lab_cs/yhan/repos/LIBERO/libero/datasets does not exist!
[Warning]: datasets path /network/rit/lab/wang_lab_cs/yhan/repos/LIBERO/libero/datasets does not exist!
[Warning]: datasets path /network/rit/lab/wang_lab_cs/yhan/repos/LIBERO/libero/datasets does not exist!
[Warning]: datasets path /network/rit/lab/wang_lab_cs/yhan/repos/LIBERO/libero/datasets does not exist!
[Warning]: datasets path /network/rit/lab/wang_lab_cs/yhan/repos/LIBERO/libero/datasets does not exist!
[Warning]: datasets path /network/rit/lab/wang_lab_cs/yhan/repos/LIBERO/libero/datasets does not exist!
[Warning]: datasets path /network/rit/lab/wang_lab_cs/yhan/repos/LIBERO/libero/datasets does not exist!
[Warning]: datasets path /network/rit/lab/wang_lab_cs/yhan/repos/LIBERO/libero/datasets does not exist!
[Warning]: datasets path /network/rit/lab/wang_lab_cs/yhan/repos/LIBERO/libero/datasets does not exist!
[Warning]: datasets path /network/rit/lab/wang_lab_cs/yhan/repos/LIBERO/libero/datasets does not exist!
[Warning]: datasets path /network/rit/lab/wang_lab_cs/yhan/repos/LIBERO/libero/datasets does not exist!
[Warning]: datasets path /network/rit/lab/wang_lab_cs/yhan/repos/LIBERO/libero/datasets does not exist!
[Warning]: datasets path /network/rit/lab/wang_lab_cs/yhan/repos/LIBERO/libero/datasets does not exist!
[Warning]: datasets path /network/rit/lab/wang_lab_cs/yhan/repos/LIBERO/libero/datasets does not exist!
[Warning]: datasets path /network/rit/lab/wang_lab_cs/yhan/repos/LIBERO/libero/datasets does not exist!
[Warning]: datasets path /network/rit/lab/wang_lab_cs/yhan/repos/LIBERO/libero/datasets does not exist!
[Warning]: datasets path /network/rit/lab/wang_lab_cs/yhan/repos/LIBERO/libero/datasets does not exist!
[Warning]: datasets path /network/rit/lab/wang_lab_cs/yhan/repos/LIBERO/libero/datasets does not exist!
[Warning]: datasets path /network/rit/lab/wang_lab_cs/yhan/repos/LIBERO/libero/datasets does not exist!
[Warning]: datasets path /network/rit/lab/wang_lab_cs/yhan/repos/LIBERO/libero/datasets does not exist!
[Warning]: datasets path /network/rit/lab/wang_lab_cs/yhan/repos/LIBERO/libero/datasets does not exist!
[Warning]: datasets path /network/rit/lab/wang_lab_cs/yhan/repos/LIBERO/libero/datasets does not exist!
[Warning]: datasets path /network/rit/lab/wang_lab_cs/yhan/repos/LIBERO/libero/datasets does not exist!
[Warning]: datasets path /network/rit/lab/wang_lab_cs/yhan/repos/LIBERO/libero/datasets does not exist!
[Warning]: datasets path /network/rit/lab/wang_lab_cs/yhan/repos/LIBERO/libero/datasets does not exist!
[Warning]: datasets path /network/rit/lab/wang_lab_cs/yhan/repos/LIBERO/libero/datasets does not exist!
[Warning]: datasets path /network/rit/lab/wang_lab_cs/yhan/repos/LIBERO/libero/datasets does not exist!
[Warning]: datasets path /network/rit/lab/wang_lab_cs/yhan/repos/LIBERO/libero/datasets does not exist!
[Warning]: datasets path /network/rit/lab/wang_lab_cs/yhan/repos/LIBERO/libero/datasets does not exist!
[Warning]: datasets path /network/rit/lab/wang_lab_cs/yhan/repos/LIBERO/libero/datasets does not exist!
[Warning]: datasets path /network/rit/lab/wang_lab_cs/yhan/repos/LIBERO/libero/datasets does not exist!
[Warning]: datasets path /network/rit/lab/wang_lab_cs/yhan/repos/LIBERO/libero/datasets does not exist!
[Warning]: datasets path /network/rit/lab/wang_lab_cs/yhan/repos/LIBERO/libero/datasets does not exist!
[Warning]: datasets path /network/rit/lab/wang_lab_cs/yhan/repos/LIBERO/libero/datasets does not exist!
[Warning]: datasets path /network/rit/lab/wang_lab_cs/yhan/repos/LIBERO/libero/datasets does not exist!
[Warning]: datasets path /network/rit/lab/wang_lab_cs/yhan/repos/LIBERO/libero/datasets does not exist!
[Warning]: datasets path /network/rit/lab/wang_lab_cs/yhan/repos/LIBERO/libero/datasets does not exist!
[Warning]: datasets path /network/rit/lab/wang_lab_cs/yhan/repos/LIBERO/libero/datasets does not exist!
[Warning]: datasets path /network/rit/lab/wang_lab_cs/yhan/repos/LIBERO/libero/datasets does not exist!
[Warning]: datasets path /network/rit/lab/wang_lab_cs/yhan/repos/LIBERO/libero/datasets does not exist!
[Warning]: datasets path /network/rit/lab/wang_lab_cs/yhan/repos/LIBERO/libero/datasets does not exist!
[Warning]: datasets path /network/rit/lab/wang_lab_cs/yhan/repos/LIBERO/libero/datasets does not exist!
[Warning]: datasets path /network/rit/lab/wang_lab_cs/yhan/repos/LIBERO/libero/datasets does not exist!
[Warning]: datasets path /network/rit/lab/wang_lab_cs/yhan/repos/LIBERO/libero/datasets does not exist!
[Warning]: datasets path /network/rit/lab/wang_lab_cs/yhan/repos/LIBERO/libero/datasets does not exist!
[Warning]: datasets path /network/rit/lab/wang_lab_cs/yhan/repos/LIBERO/libero/datasets does not exist!
[Warning]: datasets path /network/rit/lab/wang_lab_cs/yhan/repos/LIBERO/libero/datasets does not exist!
[Warning]: datasets path /network/rit/lab/wang_lab_cs/yhan/repos/LIBERO/libero/datasets does not exist!
[Warning]: datasets path /network/rit/lab/wang_lab_cs/yhan/repos/LIBERO/libero/datasets does not exist!
[Warning]: datasets path /network/rit/lab/wang_lab_cs/yhan/repos/LIBERO/libero/datasets does not exist!
[Warning]: datasets path /network/rit/lab/wang_lab_cs/yhan/repos/LIBERO/libero/datasets does not exist!
[Warning]: datasets path /network/rit/lab/wang_lab_cs/yhan/repos/LIBERO/libero/datasets does not exist!
[Warning]: datasets path /network/rit/lab/wang_lab_cs/yhan/repos/LIBERO/libero/datasets does not exist!
[Warning]: datasets path /network/rit/lab/wang_lab_cs/yhan/repos/LIBERO/libero/datasets does not exist!
[Warning]: datasets path /network/rit/lab/wang_lab_cs/yhan/repos/LIBERO/libero/datasets does not exist!
[Warning]: datasets path /network/rit/lab/wang_lab_cs/yhan/repos/LIBERO/libero/datasets does not exist!
[Warning]: datasets path /network/rit/lab/wang_lab_cs/yhan/repos/LIBERO/libero/datasets does not exist!
[Warning]: datasets path /network/rit/lab/wang_lab_cs/yhan/repos/LIBERO/libero/datasets does not exist!
[Warning]: datasets path /network/rit/lab/wang_lab_cs/yhan/repos/LIBERO/libero/datasets does not exist!
[Warning]: datasets path /network/rit/lab/wang_lab_cs/yhan/repos/LIBERO/libero/datasets does not exist!
[Warning]: datasets path /network/rit/lab/wang_lab_cs/yhan/repos/LIBERO/libero/datasets does not exist!
[Warning]: datasets path /network/rit/lab/wang_lab_cs/yhan/repos/LIBERO/libero/datasets does not exist!
[Warning]: datasets path /network/rit/lab/wang_lab_cs/yhan/repos/LIBERO/libero/datasets does not exist!
[Warning]: datasets path /network/rit/lab/wang_lab_cs/yhan/repos/LIBERO/libero/datasets does not exist!
[Warning]: datasets path /network/rit/lab/wang_lab_cs/yhan/repos/LIBERO/libero/datasets does not exist!
[Warning]: datasets path /network/rit/lab/wang_lab_cs/yhan/repos/LIBERO/libero/datasets does not exist!
[Warning]: datasets path /network/rit/lab/wang_lab_cs/yhan/repos/LIBERO/libero/datasets does not exist!
[Warning]: datasets path /network/rit/lab/wang_lab_cs/yhan/repos/LIBERO/libero/datasets does not exist!
[Warning]: datasets path /network/rit/lab/wang_lab_cs/yhan/repos/LIBERO/libero/datasets does not exist!
[Warning]: datasets path /network/rit/lab/wang_lab_cs/yhan/repos/LIBERO/libero/datasets does not exist!
[Warning]: datasets path /network/rit/lab/wang_lab_cs/yhan/repos/LIBERO/libero/datasets does not exist!
[Warning]: datasets path /network/rit/lab/wang_lab_cs/yhan/repos/LIBERO/libero/datasets does not exist!
[Warning]: datasets path /network/rit/lab/wang_lab_cs/yhan/repos/LIBERO/libero/datasets does not exist!
[Warning]: datasets path /network/rit/lab/wang_lab_cs/yhan/repos/LIBERO/libero/datasets does not exist!
[Warning]: datasets path /network/rit/lab/wang_lab_cs/yhan/repos/LIBERO/libero/datasets does not exist!
[Warning]: datasets path /network/rit/lab/wang_lab_cs/yhan/repos/LIBERO/libero/datasets does not exist!
[Warning]: datasets path /network/rit/lab/wang_lab_cs/yhan/repos/LIBERO/libero/datasets does not exist!
[Warning]: datasets path /network/rit/lab/wang_lab_cs/yhan/repos/LIBERO/libero/datasets does not exist!
[Warning]: datasets path /network/rit/lab/wang_lab_cs/yhan/repos/LIBERO/libero/datasets does not exist!
[Warning]: datasets path /network/rit/lab/wang_lab_cs/yhan/repos/LIBERO/libero/datasets does not exist!
[Warning]: datasets path /network/rit/lab/wang_lab_cs/yhan/repos/LIBERO/libero/datasets does not exist!
[Warning]: datasets path /network/rit/lab/wang_lab_cs/yhan/repos/LIBERO/libero/datasets does not exist!
[Warning]: datasets path /network/rit/lab/wang_lab_cs/yhan/repos/LIBERO/libero/datasets does not exist!
[Warning]: datasets path /network/rit/lab/wang_lab_cs/yhan/repos/LIBERO/libero/datasets does not exist!
[Warning]: datasets path /network/rit/lab/wang_lab_cs/yhan/repos/LIBERO/libero/datasets does not exist!
[Warning]: datasets path /network/rit/lab/wang_lab_cs/yhan/repos/LIBERO/libero/datasets does not exist!
{'num_items': 100, 'num_episodes': 100, 'success_rate': 1.0, 'memory_dir': 'artifacts/real_collect_10/memory_bank', 'log_path': 'artifacts/real_collect_10/collection_episodes.jsonl'}
